<?xml version="1.0" encoding="UTF-8"?>
<testng-results ignored="0" total="1" passed="1" failed="0" skipped="0">
  <reporter-output>
  </reporter-output>
  <suite started-at="2023-10-05T13:37:09 CDT" name="Default suite" finished-at="2023-10-05T13:37:21 CDT" duration-ms="12765">
    <groups>
      <group name="cucumber">
        <method signature="AbstractTestNGCucumberTests.feature(cucumber.api.testng.CucumberFeatureWrapper)[pri:0, instance:Book_TestRunner.Book_TestRunner@4e5ed836]" name="feature" class="cucumber.api.testng.AbstractTestNGCucumberTests"/>
      </group> <!-- cucumber -->
    </groups>
    <test started-at="2023-10-05T13:37:09 CDT" name="Default test" finished-at="2023-10-05T13:37:21 CDT" duration-ms="12765">
      <class name="Book_TestRunner.Book_TestRunner">
        <test-method is-config="true" signature="boStartURL()[pri:0, instance:Book_TestRunner.Book_TestRunner@4e5ed836]" started-at="2023-10-05T13:37:09 CDT" name="boStartURL" finished-at="2023-10-05T13:37:11 CDT" duration-ms="2494" status="PASS">
          <reporter-output>
          </reporter-output>
        </test-method> <!-- boStartURL -->
        <test-method is-config="true" signature="setUpClass()[pri:0, instance:Book_TestRunner.Book_TestRunner@4e5ed836]" started-at="2023-10-05T13:37:11 CDT" name="setUpClass" finished-at="2023-10-05T13:37:11 CDT" duration-ms="233" status="PASS">
          <reporter-output>
          </reporter-output>
        </test-method> <!-- setUpClass -->
        <test-method signature="feature(cucumber.api.testng.CucumberFeatureWrapper)[pri:0, instance:Book_TestRunner.Book_TestRunner@4e5ed836]" started-at="2023-10-05T13:37:11 CDT" name="feature" description="Runs Cucumber Feature" data-provider="features" finished-at="2023-10-05T13:37:21 CDT" duration-ms="9641" status="PASS">
          <params>
            <param index="0">
              <value>
                <![CDATA[this is a scroll down feature]]>
              </value>
            </param>
          </params>
          <reporter-output>
          </reporter-output>
        </test-method> <!-- feature -->
        <test-method is-config="true" signature="tearDownClass()[pri:0, instance:Book_TestRunner.Book_TestRunner@4e5ed836]" started-at="2023-10-05T13:37:21 CDT" name="tearDownClass" finished-at="2023-10-05T13:37:21 CDT" duration-ms="4" status="PASS">
          <reporter-output>
          </reporter-output>
        </test-method> <!-- tearDownClass -->
        <test-method is-config="true" signature="boCloseURL()[pri:0, instance:Book_TestRunner.Book_TestRunner@4e5ed836]" started-at="2023-10-05T13:37:21 CDT" name="boCloseURL" finished-at="2023-10-05T13:37:21 CDT" duration-ms="280" status="PASS">
          <reporter-output>
          </reporter-output>
        </test-method> <!-- boCloseURL -->
      </class> <!-- Book_TestRunner.Book_TestRunner -->
    </test> <!-- Default test -->
  </suite> <!-- Default suite -->
</testng-results>
